THIS WORKS!!!
evaluate_train.py
gender_classification
loss_history.txt
mnist.py
model_color.h5
model.h5
model.json
slurm-1.sh
slurm-2145.out
slurm-2300.out
slurm-2301.out
slurm-2302.out
slurm-2305.out
slurm-2306.out
slurm-2307.out
slurm-2308.out
slurm-2309.out
slurm-2310.out
slurm-2311.out
slurm-2312.out
slurm-2313.out
slurm-2314.out
slurm-2315.out
slurm-2316.out
slurm-2317.out
slurm.sh
train.py
webcam.py
slurmstepd: error: execve(): source: No such file or directory
srun: error: gpu1: task 0: Exited with exit code 2
2021-02-28 20:22:18.181533: I tensorflow/stream_executor/platform/default/dso_loader.cc:48] Successfully opened dynamic library libcudart.so.10.2
Traceback (most recent call last):
  File "train.py", line 12, in <module>
    import cv2
ModuleNotFoundError: No module named 'cv2'
srun: error: gpu1: task 0: Exited with exit code 1
