THIS WORKS!!!
evaluate_train.py
history.csv
history.json
model.h5
model.json
performance_plot.png
slurm-297.out
slurm-298.out
slurm.sh
train.py
webcam.py
slurmstepd: error: execve(): source: No such file or directory
srun: error: gpu1: task 0: Exited with exit code 2
2021-03-10 22:12:09.794351: I tensorflow/stream_executor/platform/default/dso_loader.cc:48] Successfully opened dynamic library libcudart.so.10.2
WARNING: Logging before flag parsing goes to stderr.
W0310 22:12:10.768206 23309674985280 __init__.py:332] Limited tf.compat.v2.summary API due to missing TensorBoard installation.
W0310 22:12:10.777254 23309674985280 __init__.py:332] Limited tf.compat.v2.summary API due to missing TensorBoard installation.
W0310 22:12:10.777791 23309674985280 __init__.py:332] Limited tf.compat.v2.summary API due to missing TensorBoard installation.
W0310 22:12:10.790945 23309674985280 __init__.py:365] Limited tf.summary API due to missing TensorBoard installation.
Traceback (most recent call last):
  File "train.py", line 36, in <module>
    path, dirs, files = next(os.walk(rootdir))
StopIteration
srun: error: gpu1: task 0: Exited with exit code 1
